c:\users\kisvegabor\source\repos\visual_studio_2017_sdl_x64\visual_studio_2017_sdl\x64\debug\vc141.pdb
c:\users\kisvegabor\source\repos\visual_studio_2017_sdl_x64\visual_studio_2017_sdl\x64\debug\vc141.idb
c:\users\kisvegabor\source\repos\visual_studio_2017_sdl_x64\visual_studio_2017_sdl\x64\debug\lv_font_dejavu_10_latin_sup.obj
c:\users\kisvegabor\source\repos\visual_studio_2017_sdl_x64\visual_studio_2017_sdl\x64\debug\lv_font_dejavu_10_cyrillic.obj
c:\users\kisvegabor\source\repos\visual_studio_2017_sdl_x64\visual_studio_2017_sdl\x64\debug\lv_font_dejavu_10.obj
c:\users\kisvegabor\source\repos\visual_studio_2017_sdl_x64\visual_studio_2017_sdl\x64\debug\lv_font.obj
c:\users\kisvegabor\source\repos\visual_studio_2017_sdl_x64\visual_studio_2017_sdl\x64\debug\lv_color.obj
c:\users\kisvegabor\source\repos\visual_studio_2017_sdl_x64\visual_studio_2017_sdl\x64\debug\lv_circ.obj
c:\users\kisvegabor\source\repos\visual_studio_2017_sdl_x64\visual_studio_2017_sdl\x64\debug\lv_area.obj
c:\users\kisvegabor\source\repos\visual_studio_2017_sdl_x64\visual_studio_2017_sdl\x64\debug\lv_anim.obj
c:\users\kisvegabor\source\repos\visual_studio_2017_sdl_x64\visual_studio_2017_sdl\x64\debug\lv_hal_tick.obj
c:\users\kisvegabor\source\repos\visual_studio_2017_sdl_x64\visual_studio_2017_sdl\x64\debug\lv_hal_indev.obj
c:\users\kisvegabor\source\repos\visual_studio_2017_sdl_x64\visual_studio_2017_sdl\x64\debug\lv_hal_disp.obj
c:\users\kisvegabor\source\repos\visual_studio_2017_sdl_x64\visual_studio_2017_sdl\x64\debug\lv_draw_vbasic.obj
c:\users\kisvegabor\source\repos\visual_studio_2017_sdl_x64\visual_studio_2017_sdl\x64\debug\lv_draw_rbasic.obj
c:\users\kisvegabor\source\repos\visual_studio_2017_sdl_x64\visual_studio_2017_sdl\x64\debug\lv_draw.obj
c:\users\kisvegabor\source\repos\visual_studio_2017_sdl_x64\visual_studio_2017_sdl\x64\debug\lv_vdb.obj
c:\users\kisvegabor\source\repos\visual_studio_2017_sdl_x64\visual_studio_2017_sdl\x64\debug\lv_style.obj
c:\users\kisvegabor\source\repos\visual_studio_2017_sdl_x64\visual_studio_2017_sdl\x64\debug\lv_refr.obj
c:\users\kisvegabor\source\repos\visual_studio_2017_sdl_x64\visual_studio_2017_sdl\x64\debug\lv_obj.obj
c:\users\kisvegabor\source\repos\visual_studio_2017_sdl_x64\visual_studio_2017_sdl\x64\debug\lv_indev.obj
c:\users\kisvegabor\source\repos\visual_studio_2017_sdl_x64\visual_studio_2017_sdl\x64\debug\lv_group.obj
c:\users\kisvegabor\source\repos\visual_studio_2017_sdl_x64\visual_studio_2017_sdl\x64\debug\lv_trigo.obj
c:\users\kisvegabor\source\repos\visual_studio_2017_sdl_x64\visual_studio_2017_sdl\x64\debug\lv_templ.obj
c:\users\kisvegabor\source\repos\visual_studio_2017_sdl_x64\visual_studio_2017_sdl\x64\debug\lv_task.obj
c:\users\kisvegabor\source\repos\visual_studio_2017_sdl_x64\visual_studio_2017_sdl\x64\debug\lv_mem.obj
c:\users\kisvegabor\source\repos\visual_studio_2017_sdl_x64\visual_studio_2017_sdl\x64\debug\lv_math.obj
c:\users\kisvegabor\source\repos\visual_studio_2017_sdl_x64\visual_studio_2017_sdl\x64\debug\lv_ll.obj
c:\users\kisvegabor\source\repos\visual_studio_2017_sdl_x64\visual_studio_2017_sdl\x64\debug\lv_fs.obj
c:\users\kisvegabor\source\repos\visual_studio_2017_sdl_x64\visual_studio_2017_sdl\x64\debug\lv_font_symbol_40.obj
c:\users\kisvegabor\source\repos\visual_studio_2017_sdl_x64\visual_studio_2017_sdl\x64\debug\lv_font_symbol_30.obj
c:\users\kisvegabor\source\repos\visual_studio_2017_sdl_x64\visual_studio_2017_sdl\x64\debug\lv_font_symbol_20.obj
c:\users\kisvegabor\source\repos\visual_studio_2017_sdl_x64\visual_studio_2017_sdl\x64\debug\lv_font_symbol_10.obj
c:\users\kisvegabor\source\repos\visual_studio_2017_sdl_x64\visual_studio_2017_sdl\x64\debug\lv_font_dejavu_40_latin_sup.obj
c:\users\kisvegabor\source\repos\visual_studio_2017_sdl_x64\visual_studio_2017_sdl\x64\debug\lv_font_dejavu_40_cyrillic.obj
c:\users\kisvegabor\source\repos\visual_studio_2017_sdl_x64\visual_studio_2017_sdl\x64\debug\lv_font_dejavu_40.obj
c:\users\kisvegabor\source\repos\visual_studio_2017_sdl_x64\visual_studio_2017_sdl\x64\debug\lv_font_dejavu_30_latin_sup.obj
c:\users\kisvegabor\source\repos\visual_studio_2017_sdl_x64\visual_studio_2017_sdl\x64\debug\lv_font_dejavu_30_cyrillic.obj
c:\users\kisvegabor\source\repos\visual_studio_2017_sdl_x64\visual_studio_2017_sdl\x64\debug\lv_font_dejavu_30.obj
c:\users\kisvegabor\source\repos\visual_studio_2017_sdl_x64\visual_studio_2017_sdl\x64\debug\lv_font_dejavu_20_latin_sup.obj
c:\users\kisvegabor\source\repos\visual_studio_2017_sdl_x64\visual_studio_2017_sdl\x64\debug\lv_font_dejavu_20_cyrillic.obj
c:\users\kisvegabor\source\repos\visual_studio_2017_sdl_x64\visual_studio_2017_sdl\x64\debug\lv_font_dejavu_20.obj
c:\users\kisvegabor\source\repos\visual_studio_2017_sdl_x64\visual_studio_2017_sdl\x64\debug\lv_page.obj
c:\users\kisvegabor\source\repos\visual_studio_2017_sdl_x64\visual_studio_2017_sdl\x64\debug\lv_objx_templ.obj
c:\users\kisvegabor\source\repos\visual_studio_2017_sdl_x64\visual_studio_2017_sdl\x64\debug\lv_mbox.obj
c:\users\kisvegabor\source\repos\visual_studio_2017_sdl_x64\visual_studio_2017_sdl\x64\debug\lv_lmeter.obj
c:\users\kisvegabor\source\repos\visual_studio_2017_sdl_x64\visual_studio_2017_sdl\x64\debug\lv_list.obj
c:\users\kisvegabor\source\repos\visual_studio_2017_sdl_x64\visual_studio_2017_sdl\x64\debug\lv_line.obj
c:\users\kisvegabor\source\repos\visual_studio_2017_sdl_x64\visual_studio_2017_sdl\x64\debug\lv_led.obj
c:\users\kisvegabor\source\repos\visual_studio_2017_sdl_x64\visual_studio_2017_sdl\x64\debug\lv_label.obj
c:\users\kisvegabor\source\repos\visual_studio_2017_sdl_x64\visual_studio_2017_sdl\x64\debug\lv_kb.obj
c:\users\kisvegabor\source\repos\visual_studio_2017_sdl_x64\visual_studio_2017_sdl\x64\debug\lv_img.obj
c:\users\kisvegabor\source\repos\visual_studio_2017_sdl_x64\visual_studio_2017_sdl\x64\debug\lv_gauge.obj
c:\users\kisvegabor\source\repos\visual_studio_2017_sdl_x64\visual_studio_2017_sdl\x64\debug\lv_ddlist.obj
c:\users\kisvegabor\source\repos\visual_studio_2017_sdl_x64\visual_studio_2017_sdl\x64\debug\lv_cont.obj
c:\users\kisvegabor\source\repos\visual_studio_2017_sdl_x64\visual_studio_2017_sdl\x64\debug\lv_chart.obj
c:\users\kisvegabor\source\repos\visual_studio_2017_sdl_x64\visual_studio_2017_sdl\x64\debug\lv_cb.obj
c:\users\kisvegabor\source\repos\visual_studio_2017_sdl_x64\visual_studio_2017_sdl\x64\debug\lv_btnm.obj
c:\users\kisvegabor\source\repos\visual_studio_2017_sdl_x64\visual_studio_2017_sdl\x64\debug\lv_btn.obj
c:\users\kisvegabor\source\repos\visual_studio_2017_sdl_x64\visual_studio_2017_sdl\x64\debug\lv_bar.obj
c:\users\kisvegabor\source\repos\visual_studio_2017_sdl_x64\visual_studio_2017_sdl\x64\debug\lv_ufs.obj
c:\users\kisvegabor\source\repos\visual_studio_2017_sdl_x64\visual_studio_2017_sdl\x64\debug\lv_txt.obj
c:\users\kisvegabor\source\repos\visual_studio_2017_sdl_x64\visual_studio_2017_sdl\x64\debug\ad_touch.obj
c:\users\kisvegabor\source\repos\visual_studio_2017_sdl_x64\visual_studio_2017_sdl\x64\debug\st7565.obj
c:\users\kisvegabor\source\repos\visual_studio_2017_sdl_x64\visual_studio_2017_sdl\x64\debug\ssd1963.obj
c:\users\kisvegabor\source\repos\visual_studio_2017_sdl_x64\visual_studio_2017_sdl\x64\debug\r61581.obj
c:\users\kisvegabor\source\repos\visual_studio_2017_sdl_x64\visual_studio_2017_sdl\x64\debug\monitor.obj
c:\users\kisvegabor\source\repos\visual_studio_2017_sdl_x64\visual_studio_2017_sdl\x64\debug\fbdev.obj
c:\users\kisvegabor\source\repos\visual_studio_2017_sdl_x64\visual_studio_2017_sdl\x64\debug\lv_theme_zen.obj
c:\users\kisvegabor\source\repos\visual_studio_2017_sdl_x64\visual_studio_2017_sdl\x64\debug\lv_theme_templ.obj
c:\users\kisvegabor\source\repos\visual_studio_2017_sdl_x64\visual_studio_2017_sdl\x64\debug\lv_theme_night.obj
c:\users\kisvegabor\source\repos\visual_studio_2017_sdl_x64\visual_studio_2017_sdl\x64\debug\lv_theme_mono.obj
c:\users\kisvegabor\source\repos\visual_studio_2017_sdl_x64\visual_studio_2017_sdl\x64\debug\lv_theme_material.obj
c:\users\kisvegabor\source\repos\visual_studio_2017_sdl_x64\visual_studio_2017_sdl\x64\debug\lv_theme_default.obj
c:\users\kisvegabor\source\repos\visual_studio_2017_sdl_x64\visual_studio_2017_sdl\x64\debug\lv_theme_alien.obj
c:\users\kisvegabor\source\repos\visual_studio_2017_sdl_x64\visual_studio_2017_sdl\x64\debug\lv_theme.obj
c:\users\kisvegabor\source\repos\visual_studio_2017_sdl_x64\visual_studio_2017_sdl\x64\debug\lv_win.obj
c:\users\kisvegabor\source\repos\visual_studio_2017_sdl_x64\visual_studio_2017_sdl\x64\debug\lv_tabview.obj
c:\users\kisvegabor\source\repos\visual_studio_2017_sdl_x64\visual_studio_2017_sdl\x64\debug\lv_ta.obj
c:\users\kisvegabor\source\repos\visual_studio_2017_sdl_x64\visual_studio_2017_sdl\x64\debug\lv_sw.obj
c:\users\kisvegabor\source\repos\visual_studio_2017_sdl_x64\visual_studio_2017_sdl\x64\debug\lv_slider.obj
c:\users\kisvegabor\source\repos\visual_studio_2017_sdl_x64\visual_studio_2017_sdl\x64\debug\lv_roller.obj
c:\users\kisvegabor\source\repos\visual_studio_2017_sdl_x64\visual_studio_2017_sdl\x64\debug\lv_test_cont.obj
c:\users\kisvegabor\source\repos\visual_studio_2017_sdl_x64\visual_studio_2017_sdl\x64\debug\lv_test_chart.obj
c:\users\kisvegabor\source\repos\visual_studio_2017_sdl_x64\visual_studio_2017_sdl\x64\debug\lv_test_cb.obj
c:\users\kisvegabor\source\repos\visual_studio_2017_sdl_x64\visual_studio_2017_sdl\x64\debug\lv_test_btn.obj
c:\users\kisvegabor\source\repos\visual_studio_2017_sdl_x64\visual_studio_2017_sdl\x64\debug\lv_test_btnm.obj
c:\users\kisvegabor\source\repos\visual_studio_2017_sdl_x64\visual_studio_2017_sdl\x64\debug\lv_test_bar.obj
c:\users\kisvegabor\source\repos\visual_studio_2017_sdl_x64\visual_studio_2017_sdl\x64\debug\lv_test_task.obj
c:\users\kisvegabor\source\repos\visual_studio_2017_sdl_x64\visual_studio_2017_sdl\x64\debug\lv_test_group.obj
c:\users\kisvegabor\source\repos\visual_studio_2017_sdl_x64\visual_studio_2017_sdl\x64\debug\tpcal.obj
c:\users\kisvegabor\source\repos\visual_studio_2017_sdl_x64\visual_studio_2017_sdl\x64\debug\terminal.obj
c:\users\kisvegabor\source\repos\visual_studio_2017_sdl_x64\visual_studio_2017_sdl\x64\debug\sysmon.obj
c:\users\kisvegabor\source\repos\visual_studio_2017_sdl_x64\visual_studio_2017_sdl\x64\debug\img_bubble_pattern.obj
c:\users\kisvegabor\source\repos\visual_studio_2017_sdl_x64\visual_studio_2017_sdl\x64\debug\demo.obj
c:\users\kisvegabor\source\repos\visual_studio_2017_sdl_x64\visual_studio_2017_sdl\x64\debug\benchmark_bg.obj
c:\users\kisvegabor\source\repos\visual_studio_2017_sdl_x64\visual_studio_2017_sdl\x64\debug\benchmark.obj
c:\users\kisvegabor\source\repos\visual_studio_2017_sdl_x64\visual_studio_2017_sdl\x64\debug\xpt2046.obj
c:\users\kisvegabor\source\repos\visual_studio_2017_sdl_x64\visual_studio_2017_sdl\x64\debug\mouse.obj
c:\users\kisvegabor\source\repos\visual_studio_2017_sdl_x64\visual_studio_2017_sdl\x64\debug\keyboard.obj
c:\users\kisvegabor\source\repos\visual_studio_2017_sdl_x64\visual_studio_2017_sdl\x64\debug\ft5406ee8.obj
c:\users\kisvegabor\source\repos\visual_studio_2017_sdl_x64\visual_studio_2017_sdl\x64\debug\evdev.obj
c:\users\kisvegabor\source\repos\visual_studio_2017_sdl_x64\visual_studio_2017_sdl\x64\debug\lv_test_stress.obj
c:\users\kisvegabor\source\repos\visual_studio_2017_sdl_x64\visual_studio_2017_sdl\x64\debug\lv_test_obj.obj
c:\users\kisvegabor\source\repos\visual_studio_2017_sdl_x64\visual_studio_2017_sdl\x64\debug\lv_test_win.obj
c:\users\kisvegabor\source\repos\visual_studio_2017_sdl_x64\visual_studio_2017_sdl\x64\debug\lv_test_ta.obj
c:\users\kisvegabor\source\repos\visual_studio_2017_sdl_x64\visual_studio_2017_sdl\x64\debug\lv_test_tabview.obj
c:\users\kisvegabor\source\repos\visual_studio_2017_sdl_x64\visual_studio_2017_sdl\x64\debug\lv_test_sw.obj
c:\users\kisvegabor\source\repos\visual_studio_2017_sdl_x64\visual_studio_2017_sdl\x64\debug\lv_test_slider.obj
c:\users\kisvegabor\source\repos\visual_studio_2017_sdl_x64\visual_studio_2017_sdl\x64\debug\lv_test_roller.obj
c:\users\kisvegabor\source\repos\visual_studio_2017_sdl_x64\visual_studio_2017_sdl\x64\debug\lv_test_page.obj
c:\users\kisvegabor\source\repos\visual_studio_2017_sdl_x64\visual_studio_2017_sdl\x64\debug\lv_test_mbox.obj
c:\users\kisvegabor\source\repos\visual_studio_2017_sdl_x64\visual_studio_2017_sdl\x64\debug\lv_test_lmeter.obj
c:\users\kisvegabor\source\repos\visual_studio_2017_sdl_x64\visual_studio_2017_sdl\x64\debug\lv_test_list.obj
c:\users\kisvegabor\source\repos\visual_studio_2017_sdl_x64\visual_studio_2017_sdl\x64\debug\lv_test_line.obj
c:\users\kisvegabor\source\repos\visual_studio_2017_sdl_x64\visual_studio_2017_sdl\x64\debug\lv_test_led.obj
c:\users\kisvegabor\source\repos\visual_studio_2017_sdl_x64\visual_studio_2017_sdl\x64\debug\lv_test_label.obj
c:\users\kisvegabor\source\repos\visual_studio_2017_sdl_x64\visual_studio_2017_sdl\x64\debug\lv_test_kb.obj
c:\users\kisvegabor\source\repos\visual_studio_2017_sdl_x64\visual_studio_2017_sdl\x64\debug\lv_test_img.obj
c:\users\kisvegabor\source\repos\visual_studio_2017_sdl_x64\visual_studio_2017_sdl\x64\debug\img_flower_icon.obj
c:\users\kisvegabor\source\repos\visual_studio_2017_sdl_x64\visual_studio_2017_sdl\x64\debug\lv_test_gauge.obj
c:\users\kisvegabor\source\repos\visual_studio_2017_sdl_x64\visual_studio_2017_sdl\x64\debug\lv_test_ddlist.obj
c:\users\kisvegabor\source\repos\visual_studio_2017_sdl_x64\visual_studio_2017_sdl\x64\debug\lv_tutorial_responsive.obj
c:\users\kisvegabor\source\repos\visual_studio_2017_sdl_x64\visual_studio_2017_sdl\x64\debug\lv_tutorial_animations.obj
c:\users\kisvegabor\source\repos\visual_studio_2017_sdl_x64\visual_studio_2017_sdl\x64\debug\lv_tutorial_fonts.obj
c:\users\kisvegabor\source\repos\visual_studio_2017_sdl_x64\visual_studio_2017_sdl\x64\debug\arial_math_20.obj
c:\users\kisvegabor\source\repos\visual_studio_2017_sdl_x64\visual_studio_2017_sdl\x64\debug\arial_cyrillic_20.obj
c:\users\kisvegabor\source\repos\visual_studio_2017_sdl_x64\visual_studio_2017_sdl\x64\debug\arial_ascii_20.obj
c:\users\kisvegabor\source\repos\visual_studio_2017_sdl_x64\visual_studio_2017_sdl\x64\debug\red_flower.obj
c:\users\kisvegabor\source\repos\visual_studio_2017_sdl_x64\visual_studio_2017_sdl\x64\debug\lv_tutorial_images.obj
c:\users\kisvegabor\source\repos\visual_studio_2017_sdl_x64\visual_studio_2017_sdl\x64\debug\lv_tutorial_antialiasing.obj
c:\users\kisvegabor\source\repos\visual_studio_2017_sdl_x64\visual_studio_2017_sdl\x64\debug\apple_icon_chroma.obj
c:\users\kisvegabor\source\repos\visual_studio_2017_sdl_x64\visual_studio_2017_sdl\x64\debug\apple_icon_alpha.obj
c:\users\kisvegabor\source\repos\visual_studio_2017_sdl_x64\visual_studio_2017_sdl\x64\debug\lv_tutorial_themes.obj
c:\users\kisvegabor\source\repos\visual_studio_2017_sdl_x64\visual_studio_2017_sdl\x64\debug\lv_tutorial_styles.obj
c:\users\kisvegabor\source\repos\visual_studio_2017_sdl_x64\visual_studio_2017_sdl\x64\debug\lv_tutorial_objects.obj
c:\users\kisvegabor\source\repos\visual_studio_2017_sdl_x64\visual_studio_2017_sdl\x64\debug\lv_tutorial_hello_world.obj
c:\users\kisvegabor\source\repos\visual_studio_2017_sdl_x64\visual_studio_2017_sdl\x64\debug\lv_tutorial_keyboard.obj
c:\users\kisvegabor\source\repos\visual_studio_2017_sdl_x64\visual_studio_2017_sdl\x64\debug\lv_tutorial_porting.obj
c:\users\kisvegabor\source\repos\visual_studio_2017_sdl_x64\visual_studio_2017_sdl\x64\debug\lv_test_theme.obj
c:\users\kisvegabor\source\repos\visual_studio_2017_sdl_x64\visual_studio_2017_sdl\x64\debug\main.obj
c:\users\kisvegabor\source\repos\visual_studio_2017_sdl_x64\x64\debug\visual_studio_2017_sdl_x64.ilk
c:\users\kisvegabor\source\repos\visual_studio_2017_sdl_x64\x64\debug\visual_studio_2017_sdl_x64.exe
c:\users\kisvegabor\source\repos\visual_studio_2017_sdl_x64\x64\debug\visual_studio_2017_sdl_x64.pdb
c:\users\kisvegabor\source\repos\visual_studio_2017_sdl_x64\visual_studio_2017_sdl\x64\debug\visual_s.6f59884d.tlog\cl.command.1.tlog
c:\users\kisvegabor\source\repos\visual_studio_2017_sdl_x64\visual_studio_2017_sdl\x64\debug\visual_s.6f59884d.tlog\cl.read.1.tlog
c:\users\kisvegabor\source\repos\visual_studio_2017_sdl_x64\visual_studio_2017_sdl\x64\debug\visual_s.6f59884d.tlog\cl.write.1.tlog
c:\users\kisvegabor\source\repos\visual_studio_2017_sdl_x64\visual_studio_2017_sdl\x64\debug\visual_s.6f59884d.tlog\link.command.1.tlog
c:\users\kisvegabor\source\repos\visual_studio_2017_sdl_x64\visual_studio_2017_sdl\x64\debug\visual_s.6f59884d.tlog\link.read.1.tlog
c:\users\kisvegabor\source\repos\visual_studio_2017_sdl_x64\visual_studio_2017_sdl\x64\debug\visual_s.6f59884d.tlog\link.write.1.tlog
